2026-04-20 10:13:44 [INFO] ============================================================
2026-04-20 10:13:44 [INFO] PHASE 2 SCHEDULER STARTED
2026-04-20 10:13:44 [INFO] Time    : 2026-04-20 15:43:44 IST
2026-04-20 10:13:44 [INFO] Company : Monday
2026-04-20 10:13:44 [INFO] ============================================================
2026-04-20 10:13:44 [INFO] Looking for today's WAITING job...
2026-04-20 10:13:44 [INFO] Job found: run_id=f74b147d period=2026-04-20 to 2026-04-26
2026-04-20 10:13:44 [INFO] Fetching Excel from Google Drive for employee name verification...
2026-04-20 10:13:48 [INFO] Excel saved: timesheet_upload_3rdupload.xlsx
2026-04-20 10:13:48 [INFO] Run folder: /home/ubuntu/payroll_phase2/data-driven-files/timesheets/downloads/2026-04-20_15-43-48
2026-04-20 10:13:48 [INFO] Starting Phase 2 automation...
2026-04-20 10:13:48 [INFO] Running Phase 2 pytest: /home/ubuntu/payroll_phase2/venv/bin/python -m pytest tests/e2e/timesheets/phase2/test_payroll_overview.py -s --tb=short
2026-04-20 10:13:48 [INFO]   run_id           : f74b147d
2026-04-20 10:13:48 [INFO]   REPORT_DOWNLOAD_DIR: /home/ubuntu/payroll_phase2/data-driven-files/timesheets/downloads/2026-04-20_15-43-48
2026-04-20 10:21:43 [INFO]   ============================= test session starts ==============================
2026-04-20 10:21:43 [INFO]   platform linux -- Python 3.12.3, pytest-9.0.3, pluggy-1.6.0
2026-04-20 10:21:43 [INFO]   rootdir: /home/ubuntu/payroll_phase2
2026-04-20 10:21:43 [INFO]   configfile: pytest.ini
2026-04-20 10:21:43 [INFO]   plugins: base-url-2.1.0, timeout-2.4.0, playwright-0.7.2
2026-04-20 10:21:43 [INFO]   timeout: 1800.0s
2026-04-20 10:21:43 [INFO]   timeout method: signal
2026-04-20 10:21:43 [INFO]   timeout func_only: False
2026-04-20 10:21:43 [INFO]   
2026-04-20 10:21:43 [INFO]   Phase 2 -- selecting payroll job...
2026-04-20 10:21:43 [INFO]   [INFO] Using PAYROLL_RUN_ID from environment: f74b147d
2026-04-20 10:21:43 [INFO]   Phase 2 -- job selected: run_id=f74b147d
2026-04-20 10:21:43 [INFO]   
2026-04-20 10:21:43 [INFO]   Phase 2 -- loading timesheet data for employee name verification...
2026-04-20 10:21:43 [INFO]   
2026-04-20 10:21:43 [INFO]   [INFO] Loading button-3 timesheet data from: /home/ubuntu/payroll_phase2/data-driven-files/timesheets/timesheet_upload_3rdupload.xlsx
2026-04-20 10:21:43 [INFO]   [INFO] Loaded 23 unique user(s)
2026-04-20 10:21:43 [INFO]   [INFO] Date range: 2026-04-20 to 2026-04-26
2026-04-20 10:21:43 [INFO]   
2026-04-20 10:21:43 [INFO]   Phase 2 -- initialization complete
2026-04-20 10:21:43 [INFO]   
2026-04-20 10:21:43 [INFO]   collected 1 item
2026-04-20 10:21:43 [INFO]   
2026-04-20 10:21:43 [INFO]   tests/e2e/timesheets/phase2/test_payroll_overview.py 
2026-04-20 10:21:43 [INFO]   ================================================================================
2026-04-20 10:21:43 [INFO]   PHASE 2 -- Payroll Overview, Preview & Download
2026-04-20 10:21:43 [INFO]     run_id    : f74b147d
2026-04-20 10:21:43 [INFO]     username  : molly.muller@lumberfi.com
2026-04-20 10:21:43 [INFO]     period    : 2026-04-20 to 2026-04-26
2026-04-20 10:21:43 [INFO]   ================================================================================
2026-04-20 10:21:43 [INFO]   
2026-04-20 10:21:43 [INFO]   
2026-04-20 10:21:43 [INFO]   Step 8: Authenticate and navigate to Payroll Overview
2026-04-20 10:21:43 [INFO]   ----------------------------------------
2026-04-20 10:21:43 [INFO]   ✅ Loaded .env file successfully
2026-04-20 10:21:43 [INFO]   🔧 NAVIGATION_TIMEOUT from env: 6000000
2026-04-20 10:21:43 [INFO]   🔄 Authentication attempt 1/1
2026-04-20 10:21:43 [INFO]   📧 Using email: molly.muller@lumberfi.com
2026-04-20 10:21:43 [INFO]   📸 Screenshot taken before authentication
2026-04-20 10:21:43 [INFO]   ⚠️ Found login form element - not logged in yet
2026-04-20 10:21:43 [INFO]   ⏳ Waiting for login page to fully load...
2026-04-20 10:21:43 [INFO]   ✅ Login page fully loaded
2026-04-20 10:21:43 [INFO]   🔘 Looking for "Sign in with Password" button...
2026-04-20 10:21:43 [INFO]   ✅ Clicked "Sign in with Password" button
2026-04-20 10:21:43 [INFO]   📧 Filling email field...
2026-04-20 10:21:43 [INFO]   ✅ Email filled: molly.muller@lumberfi.com
2026-04-20 10:21:43 [INFO]   🔒 Filling password field...
2026-04-20 10:21:43 [INFO]   ✅ Password filled
2026-04-20 10:21:43 [INFO]   🔘 Clicking Sign In button...
2026-04-20 10:21:43 [INFO]   ✅ Sign In button clicked
2026-04-20 10:21:43 [INFO]   ⏳ Waiting for authentication to complete...
2026-04-20 10:21:43 [INFO]   🔍 Verifying successful authentication...
2026-04-20 10:21:43 [INFO]   ✅ Authentication successful! Found dashboard element: text="Resources"
2026-04-20 10:21:43 [INFO]   🎉 Authentication completed successfully!
2026-04-20 10:21:43 [INFO]   [OK] Authentication completed
2026-04-20 10:21:43 [INFO]   [OK] Navigated to Payroll Overview: https://qa-admin.lumberfi.com/payroll/overview
2026-04-20 10:21:43 [INFO]   
2026-04-20 10:21:43 [INFO]   
2026-04-20 10:21:43 [INFO]   Step 8c: Select Pay Period & Verify Employee Names
2026-04-20 10:21:43 [INFO]   ----------------------------------------
2026-04-20 10:21:43 [INFO]      Checking 23 user(s) -- up to 10 attempts x 4 min
2026-04-20 10:21:43 [INFO]   
2026-04-20 10:21:43 [INFO]      Attempt 1/10: waiting for pay period...
2026-04-20 10:21:43 [INFO]      [INFO] Looking for Regular period containing: 2026-04-20
2026-04-20 10:21:43 [INFO]      [INFO] Pay period already selected: 20 Apr 2026 - 26 Apr 2026 (Regular)
2026-04-20 10:21:43 [INFO]      Matched pay period: 2026-04-20 to 2026-04-26
2026-04-20 10:21:43 [INFO]      [OK] Found: Davis, Elizabeth
2026-04-20 10:21:43 [INFO]      [WARN] Not found: Patel, Barbara
2026-04-20 10:21:43 [INFO]      [OK] Found: Enola, Salmon
2026-04-20 10:21:43 [INFO]      [OK] Found: Patel, Joseph
2026-04-20 10:21:43 [INFO]      [OK] Found: Miller, Richard
2026-04-20 10:21:43 [INFO]      [OK] Found: Muller, Molly
2026-04-20 10:21:43 [INFO]      [OK] Found: Patel, Patricia
2026-04-20 10:21:43 [INFO]      [OK] Found: Smith, David
2026-04-20 10:21:43 [INFO]      [OK] Found: Smith, Karen
2026-04-20 10:21:43 [INFO]      [OK] Found: Smith, Patricia
2026-04-20 10:21:43 [INFO]      [OK] Found: Smith, Susan
2026-04-20 10:21:43 [INFO]      [OK] Found: Thomas, Priya
2026-04-20 10:21:43 [INFO]      [OK] Found: Gupta, Jessica
2026-04-20 10:21:43 [INFO]      [OK] Found: Gupta, John
2026-04-20 10:21:43 [INFO]      [OK] Found: Hernandez, Linda
2026-04-20 10:21:43 [INFO]      [OK] Found: Jackson, Anjali
2026-04-20 10:21:43 [INFO]      [OK] Found: Johnson, David
2026-04-20 10:21:43 [INFO]      [OK] Found: Jones, Amit
2026-04-20 10:21:43 [INFO]      [OK] Found: Kumar, Mary
2026-04-20 10:21:43 [INFO]      [OK] Found: Mehta, Vikram
2026-04-20 10:21:43 [INFO]      [OK] Found: Moore, Elizabeth
2026-04-20 10:21:43 [INFO]      [OK] Found: Davis, Joseph
2026-04-20 10:21:43 [INFO]      [OK] Found: Gonzalez, Rohit
2026-04-20 10:21:43 [INFO]      [INFO] 22/23 found | Missing: Patel, Barbara
2026-04-20 10:21:43 [INFO]   [WARN] Some employees not confirmed -- continuing with available data
2026-04-20 10:21:43 [INFO]   
2026-04-20 10:21:43 [INFO]   
2026-04-20 10:21:43 [INFO]   Step 9: Navigate to Payroll Preview
2026-04-20 10:21:43 [INFO]   ----------------------------------------
2026-04-20 10:21:43 [INFO]   [OK] Payroll Overview page loaded
2026-04-20 10:21:43 [INFO]   [OK] Clicked Preview button
2026-04-20 10:21:43 [INFO]   [INFO] Start Payroll button not shown (skipped)
2026-04-20 10:21:43 [INFO]   [OK] Navigated to Payroll Preview page
2026-04-20 10:21:43 [INFO]   [OK] Submitted payroll preview
2026-04-20 10:21:43 [INFO]   [OK] Confirmed Submit Payroll in modal
2026-04-20 10:21:43 [INFO]   [OK] Closed submission modal
2026-04-20 10:21:43 [INFO]   [OK] Payroll history page loaded
2026-04-20 10:21:43 [INFO]   [OK] Clicked Select the pay period button
2026-04-20 10:21:43 [INFO]   [INFO] Attempt 1/10
2026-04-20 10:21:43 [INFO]   [OK] Selected matching period: 20 Apr 2026 - 26 Apr 2026 (Regular)
2026-04-20 10:21:43 [INFO]   
2026-04-20 10:21:43 [INFO]   Step 10: Download Reports
2026-04-20 10:21:43 [INFO]   ----------------------------------------
2026-04-20 10:21:43 [INFO]   [OK] Download directory: /home/ubuntu/payroll_phase2/data-driven-files/timesheets/downloads/2026-04-20_15-43-48
2026-04-20 10:21:43 [INFO]      Period suffix: _2026-04-20_to_2026-04-26
2026-04-20 10:21:43 [INFO]   [OK] Clicked Download button
2026-04-20 10:21:43 [INFO]   [INFO] Payroll Paycheck not ready (400), retrying... (1/9)
2026-04-20 10:21:43 [INFO]   [OK] Payroll Paycheck ready on attempt 2
2026-04-20 10:21:43 [INFO]   [OK] Payroll Paycheck downloaded: /home/ubuntu/payroll_phase2/data-driven-files/timesheets/downloads/2026-04-20_15-43-48/payroll_paycheck_2026-04-20_to_2026-04-26.pdf
2026-04-20 10:21:43 [INFO]   [OK] Cash Requirement downloaded: /home/ubuntu/payroll_phase2/data-driven-files/timesheets/downloads/2026-04-20_15-43-48/cash_requirement_2026-04-20_to_2026-04-26.pdf
2026-04-20 10:21:43 [INFO]   [OK] Log saved: /home/ubuntu/payroll_phase2/data-driven-files/timesheets/downloads/2026-04-20_15-43-48/phase2_run.log
2026-04-20 10:21:43 [INFO]   [INFO] Job f74b147d marked FAILED -- Timeout 240000ms exceeded while waiting for event "response"
2026-04-20 10:21:43 [INFO]   F
2026-04-20 10:21:43 [INFO]   
2026-04-20 10:21:43 [INFO]   =================================== FAILURES ===================================
2026-04-20 10:21:43 [INFO]   _______ TestPayrollOverview.test_payroll_overview_and_download[chromium] _______
2026-04-20 10:21:43 [INFO]   tests/e2e/timesheets/phase2/test_payroll_overview.py:217: in test_payroll_overview_and_download
2026-04-20 10:21:43 [INFO]       self._run(page, job, timesheet_config, run_id)
2026-04-20 10:21:43 [INFO]   tests/e2e/timesheets/phase2/test_payroll_overview.py:248: in _run
2026-04-20 10:21:43 [INFO]       self._run_steps(page, job, timesheet_config, run_id, log, download_dir)
2026-04-20 10:21:43 [INFO]   tests/e2e/timesheets/phase2/test_payroll_overview.py:586: in _run_steps
2026-04-20 10:21:43 [INFO]       with page.expect_response(
2026-04-20 10:21:43 [INFO]   venv/lib/python3.12/site-packages/playwright/_impl/_sync_base.py:85: in __exit__
2026-04-20 10:21:43 [INFO]       self._event.value
2026-04-20 10:21:43 [INFO]   venv/lib/python3.12/site-packages/playwright/_impl/_sync_base.py:59: in value
2026-04-20 10:21:43 [INFO]       raise exception
2026-04-20 10:21:43 [INFO]   E   playwright._impl._errors.TimeoutError: Timeout 240000ms exceeded while waiting for event "response"
2026-04-20 10:21:43 [INFO]   =========================== short test summary info ============================
2026-04-20 10:21:43 [INFO]   FAILED tests/e2e/timesheets/phase2/test_payroll_overview.py::TestPayrollOverview::test_payroll_overview_and_download[chromium]
2026-04-20 10:21:43 [INFO]   ======================== 1 failed in 472.27s (0:07:52) =========================
2026-04-20 10:21:43 [ERROR] Phase 2 FAILED
