2026-04-22 18:30:02 [INFO] ============================================================
2026-04-22 18:30:02 [INFO] PHASE 1 SCHEDULER STARTED
2026-04-22 18:30:02 [INFO] Time    : 2026-04-23 00:00:02 IST
2026-04-22 18:30:02 [INFO] Company : Thursday
2026-04-22 18:30:02 [INFO] ============================================================
2026-04-22 18:30:02 [INFO] Fetching Excel from Google Drive...
2026-04-22 18:30:06 [INFO] Excel saved: thursday_input.xlsx (9,889 bytes)
2026-04-22 18:30:06 [INFO] Starting Phase 1 automation...
2026-04-22 18:30:06 [INFO] Credentials written for Thursday (hari.red@lumberfi.com)
2026-04-22 18:30:06 [INFO] Running Phase 1 pytest: /home/ubuntu/Report_downloads/venv/bin/python -m pytest tests/e2e/timesheets/phase1/test_upload_and_push.py -s --tb=short
2026-04-22 18:31:12 [INFO]   ============================= test session starts ==============================
2026-04-22 18:31:12 [INFO]   platform linux -- Python 3.12.3, pytest-9.0.3, pluggy-1.6.0
2026-04-22 18:31:12 [INFO]   rootdir: /home/ubuntu/Report_downloads
2026-04-22 18:31:12 [INFO]   configfile: pytest.ini
2026-04-22 18:31:12 [INFO]   plugins: anyio-4.13.0, base-url-2.1.0, timeout-2.4.0, playwright-0.7.2
2026-04-22 18:31:12 [INFO]   timeout: 1800.0s
2026-04-22 18:31:12 [INFO]   timeout method: signal
2026-04-22 18:31:12 [INFO]   timeout func_only: False
2026-04-22 18:31:12 [INFO]   Phase 1 — loading timesheet data and credentials...
2026-04-22 18:31:12 [INFO]   
2026-04-22 18:31:12 [INFO]   [INFO] Loading button-3 timesheet data from: /home/ubuntu/Report_downloads/data-driven-files/timesheets/timesheet_upload_3rdupload.xlsx
2026-04-22 18:31:12 [INFO]   [INFO] Loaded 4 unique user(s)
2026-04-22 18:31:12 [INFO]   [INFO] Date range: 2026-04-16 to 2026-04-22
2026-04-22 18:31:12 [INFO]   
2026-04-22 18:31:12 [INFO]   [INFO] Loading credentials from: /home/ubuntu/Report_downloads/data-driven-files/credentials/credentials.json
2026-04-22 18:31:12 [INFO]   [INFO] Credentials loaded
2026-04-22 18:31:12 [INFO]   
2026-04-22 18:31:12 [INFO]   Phase 1 — initialization complete
2026-04-22 18:31:12 [INFO]   
2026-04-22 18:31:12 [INFO]   collected 1 item
2026-04-22 18:31:12 [INFO]   
2026-04-22 18:31:12 [INFO]   tests/e2e/timesheets/phase1/test_upload_and_push.py 
2026-04-22 18:31:12 [INFO]   ================================================================================
2026-04-22 18:31:12 [INFO]   PHASE 1 — Upload Timesheet & Push to Payroll
2026-04-22 18:31:12 [INFO]   ================================================================================
2026-04-22 18:31:12 [INFO]   
2026-04-22 18:31:12 [INFO]   
2026-04-22 18:31:12 [INFO]   Step 1: Authentication
2026-04-22 18:31:12 [INFO]   ----------------------------------------
2026-04-22 18:31:12 [INFO]   ✅ Loaded .env file successfully
2026-04-22 18:31:12 [INFO]   🔧 NAVIGATION_TIMEOUT from env: 6000000
2026-04-22 18:31:12 [INFO]   🔄 Authentication attempt 1/1
2026-04-22 18:31:12 [INFO]   📧 Using email: hari.red@lumberfi.com
2026-04-22 18:31:12 [INFO]   📸 Screenshot taken before authentication
2026-04-22 18:31:12 [INFO]   ⚠️ Found login form element - not logged in yet
2026-04-22 18:31:12 [INFO]   ⏳ Waiting for login page to fully load...
2026-04-22 18:31:12 [INFO]   ✅ Login page fully loaded
2026-04-22 18:31:12 [INFO]   🔘 Looking for "Sign in with Password" button...
2026-04-22 18:31:12 [INFO]   ✅ Clicked "Sign in with Password" button
2026-04-22 18:31:12 [INFO]   📧 Filling email field...
2026-04-22 18:31:12 [INFO]   ✅ Email filled: hari.red@lumberfi.com
2026-04-22 18:31:12 [INFO]   🔒 Filling password field...
2026-04-22 18:31:12 [INFO]   ✅ Password filled
2026-04-22 18:31:12 [INFO]   🔘 Clicking Sign In button...
2026-04-22 18:31:12 [INFO]   ✅ Sign In button clicked
2026-04-22 18:31:12 [INFO]   ⏳ Waiting for authentication to complete...
2026-04-22 18:31:12 [INFO]   🔍 Verifying successful authentication...
2026-04-22 18:31:12 [INFO]   ✅ Authentication successful! Found dashboard element: text="Resources"
2026-04-22 18:31:12 [INFO]   🎉 Authentication completed successfully!
2026-04-22 18:31:12 [INFO]   [OK] Authentication completed
2026-04-22 18:31:12 [INFO]   
2026-04-22 18:31:12 [INFO]   
2026-04-22 18:31:12 [INFO]   Step 2: Navigate to Timesheets Page
2026-04-22 18:31:12 [INFO]   ----------------------------------------
2026-04-22 18:31:12 [INFO]   Navigating → Time → Timesheets
2026-04-22 18:31:12 [INFO]   ✔ Time menu opened
2026-04-22 18:31:12 [INFO]   ✔ Timesheet option clicked
2026-04-22 18:31:12 [INFO]   ✔ "Timesheets" header visible
2026-04-22 18:31:12 [INFO]   [OK] Navigated to Timesheets page
2026-04-22 18:31:12 [INFO]   
2026-04-22 18:31:12 [INFO]   
2026-04-22 18:31:12 [INFO]   Step 3: Open Upload Modal
2026-04-22 18:31:12 [INFO]   ----------------------------------------
2026-04-22 18:31:12 [INFO]   [OK] Upload modal opened
2026-04-22 18:31:12 [INFO]   
2026-04-22 18:31:12 [INFO]   
2026-04-22 18:31:12 [INFO]   Step 4: Upload Excel File
2026-04-22 18:31:12 [INFO]   ----------------------------------------
2026-04-22 18:31:12 [INFO]      File: /home/ubuntu/Report_downloads/data-driven-files/timesheets/timesheet_upload_3rdupload.xlsx
2026-04-22 18:31:12 [INFO]   [OK] File attached to input
2026-04-22 18:31:12 [INFO]   [OK] Clicked upload-next-button — file submitted
2026-04-22 18:31:12 [INFO]   [OK] File upload completed
2026-04-22 18:31:12 [INFO]   
2026-04-22 18:31:12 [INFO]   [OK] Closed upload modal
2026-04-22 18:31:12 [INFO]   
2026-04-22 18:31:12 [INFO]   Step 5: Navigate to the Target Week
2026-04-22 18:31:12 [INFO]   ----------------------------------------
2026-04-22 18:31:12 [INFO]      Target date range: 2026-04-16 to 2026-04-22
2026-04-22 18:31:12 [INFO]      [INFO] Navigating to week containing: 2026-04-16
2026-04-22 18:31:12 [INFO]      [DEBUG] Displayed week: 2026-04-16 to 2026-04-22 | target: 2026-04-16
2026-04-22 18:31:12 [INFO]      [INFO] Correct week is already displayed
2026-04-22 18:31:12 [INFO]   [OK] Correct week displayed
2026-04-22 18:31:12 [INFO]   
2026-04-22 18:31:12 [INFO]   
2026-04-22 18:31:12 [INFO]   Step 6: Bulk Approve All Users
2026-04-22 18:31:12 [INFO]   ----------------------------------------
2026-04-22 18:31:12 [INFO]   [OK] Selected all users via header checkbox
2026-04-22 18:31:12 [INFO]   [OK] Clicked Approve All
2026-04-22 18:31:12 [INFO]   [OK] Bulk approval processed
2026-04-22 18:31:12 [INFO]   
2026-04-22 18:31:12 [INFO]   
2026-04-22 18:31:12 [INFO]   Step 7: Push to Payroll
2026-04-22 18:31:12 [INFO]   ----------------------------------------
2026-04-22 18:31:12 [INFO]   [OK] Payroll menu opened
2026-04-22 18:31:12 [INFO]   [OK] Clicked Push to Payroll
2026-04-22 18:31:12 [INFO]   [OK] Navigated to payroll overview page
2026-04-22 18:31:12 [INFO]   [OK] Waited 10 seconds on payroll overview
2026-04-22 18:31:12 [INFO]   [INFO] Job written to jobs.json  run_id=0bfb98a0  username=hari.red@lumberfi.com
2026-04-22 18:31:12 [INFO]   
2026-04-22 18:31:12 [INFO]   ================================================================================
2026-04-22 18:31:12 [INFO]   PHASE 1 COMPLETE
2026-04-22 18:31:12 [INFO]     run_id           : 0bfb98a0
2026-04-22 18:31:12 [INFO]     username         : hari.red@lumberfi.com
2026-04-22 18:31:12 [INFO]     pay_period_start : 2026-04-16
2026-04-22 18:31:12 [INFO]     pay_period_end   : 2026-04-22
2026-04-22 18:31:12 [INFO]     timesheet_file   : timesheet_upload_3rdupload.xlsx
2026-04-22 18:31:12 [INFO]   
2026-04-22 18:31:12 [INFO]     Run Phase 2 after the payroll overview is ready (usually 4-5 hrs).
2026-04-22 18:31:12 [INFO]     Set PAYROLL_RUN_ID=0bfb98a0 to skip the interactive menu.
2026-04-22 18:31:12 [INFO]   ================================================================================
2026-04-22 18:31:12 [INFO]   
2026-04-22 18:31:12 [INFO]   .
2026-04-22 18:31:12 [INFO]   
2026-04-22 18:31:12 [INFO]   ========================= 1 passed in 64.65s (0:01:04) =========================
2026-04-22 18:31:12 [INFO] Phase 1 PASSED — run_id: 0bfb98a0
